<?xml version="1.0" encoding="UTF-8"?>
<testng-results skipped="0" failed="0" total="1" passed="1">
  <reporter-output>
  </reporter-output>
  <suite name="Default suite" duration-ms="280" started-at="2016-02-04T08:52:49Z" finished-at="2016-02-04T08:52:49Z">
    <groups>
    </groups>
    <test name="Default test" duration-ms="280" started-at="2016-02-04T08:52:49Z" finished-at="2016-02-04T08:52:49Z">
      <class name="test_case.sugg_svr_test">
        <test-method status="PASS" signature="test_case01()[pri:0, instance:test_case.sugg_svr_test@270421f5]" name="test_case01" duration-ms="268" started-at="2016-02-04T16:52:49Z" finished-at="2016-02-04T16:52:49Z">
          <reporter-output>
          </reporter-output>
        </test-method> <!-- test_case01 -->
      </class> <!-- test_case.sugg_svr_test -->
    </test> <!-- Default test -->
  </suite> <!-- Default suite -->
</testng-results>
